{"level":"info","message":"listening on http://localhost:3000"}
{"level":"info","message":"Request from ::1 to /main.e94411ac64fff6de089b.hot-update.json"}
{"level":"info","message":"Request from ::1 to /giftregistry"}
{"level":"info","message":"Request from ::1 to /giftregistry"}
{"level":"info","message":"Request from ::1 to /giftregistry"}
{"level":"info","message":"Request from ::1 to /"}
{"level":"info","message":"listening on http://localhost:3000"}
{"level":"info","message":"Request from ::1 to /main.122257388a25ebff25f5.hot-update.json"}
{"level":"info","message":"Request from ::1 to /rsvp"}
{"level":"info","message":"Request from ::1 to /rsvp"}
{"level":"info","message":"Request from ::1 to /rsvp"}
{"level":"info","message":"Request from ::1 to /"}
{"level":"info","message":"Request from ::1 to /"}
{"level":"info","message":"Request from ::1 to /"}
{"level":"info","message":"Request from ::1 to /"}
{"level":"info","message":"listening on http://localhost:3000"}
{"level":"info","message":"Request from ::1 to /"}
{"level":"info","message":"Request from ::1 to /home"}
{"level":"info","message":"Request from ::1 to /home"}
{"level":"info","message":"Request from ::1 to /home"}
{"level":"info","message":"Request from ::1 to /rsvp"}
{"level":"info","message":"Request from ::1 to /rsvp"}
{"level":"info","message":"Request from ::1 to /rsvp"}
{"level":"info","message":"Request from ::1 to /"}
{"level":"info","message":"Request from ::1 to /home"}
{"level":"info","message":"Request from ::1 to /"}
{"level":"info","message":"Request from ::1 to /"}
{"level":"info","message":"listening on http://localhost:8000"}
{"level":"info","message":"listening on http://localhost:8000"}
{"level":"info","message":"listening on http://localhost:8000"}
{"level":"info","message":"listening on http://localhost:8000"}
{"level":"info","message":"listening on http://localhost:8000"}
{"level":"info","message":"listening on http://localhost:8000"}
{"level":"info","message":"listening on http://localhost:8000"}
{"level":"info","message":"listening on http://localhost:8000"}
{"level":"info","message":"listening on http://localhost:8000"}
{"level":"info","message":"listening on http://localhost:8000"}
{"level":"info","message":"listening on http://localhost:8000"}
{"level":"info","message":"listening on http://localhost:8000"}
{"level":"info","message":"listening on http://localhost:8000"}
{"level":"info","message":"listening on http://localhost:8000"}
{"level":"info","message":"listening on http://localhost:8000"}
{"level":"info","message":"listening on http://localhost:8000"}
{"level":"info","message":"listening on http://localhost:8000"}
{"level":"info","message":"listening on http://localhost:3000"}
{"level":"info","message":"listening on http://localhost:8000"}
{"level":"info","message":"listening on http://localhost:8000"}
{"level":"info","message":"listening on http://localhost:8000"}
{"level":"info","message":"listening on http://localhost:8000"}
{"level":"info","message":"Request from ::1 to /"}
{"level":"info","message":"Request from ::1 to /api/rsvp"}
{"level":"info","message":"Request from ::1 to /giftregistry"}
{"level":"info","message":"Request from ::1 to /location"}
{"level":"info","message":"Request from ::1 to /"}
{"level":"info","message":"listening on http://localhost:8000"}
{"level":"info","message":"listening on http://localhost:8000"}
{"level":"info","message":"Request from ::1 to /favicon.ico"}
{"level":"info","message":"Request from ::ffff:127.0.0.1 to /"}
{"level":"info","message":"listening on http://localhost:8000"}
{"level":"info","message":"listening on http://localhost:8000"}
{"level":"info","message":"listening on http://localhost:8000"}
{"level":"info","message":"listening on http://localhost:8000"}
{"level":"info","message":"listening on http://localhost:8000"}
{"level":"info","message":"listening on http://localhost:8000"}
{"level":"info","message":"listening on http://localhost:8000"}
{"level":"info","message":"listening on http://localhost:8000"}
{"level":"info","message":"listening on http://localhost:8000"}
{"level":"info","message":"listening on http://localhost:8000"}
{"level":"info","message":"listening on http://localhost:8000"}
{"level":"info","message":"listening on http://localhost:8000"}
{"level":"info","message":"Request from ::1 to /api/rsvp/"}
{"level":"info","message":"Request from ::1 to /api/rsvp/?from=Rebeca&to=Shantel&subject=New%20RSVP%20Submission&text=New%20RSVP%20Submission:%20Name:Rebeca%20Gonzalez%20Email:rebecagonzalez98@gmail.com%20Attending:%20Yes"}
{"level":"info","message":"Request from ::1 to /api/rsvp/"}
{"level":"info","message":"Request from ::1 to /api/rsvp/"}
{"level":"info","message":"Request from ::1 to /test/-email"}
{"level":"info","message":"Request from ::1 to /test-email"}
{"level":"info","message":"Request from ::1 to /test-email"}
{"level":"info","message":"Request from ::1 to /test-email"}
{"level":"info","message":"Request from ::1 to /test-email"}
{"level":"info","message":"Request from ::1 to /test-email"}
{"level":"info","message":"Request from ::1 to /api/test-email"}
{"level":"info","message":"Request from ::1 to /api/rsvp/"}
{"level":"info","message":"listening on http://localhost:8000"}
{"level":"info","message":"listening on http://localhost:3000"}
{"level":"info","message":"Request from ::1 to /ws"}
{"level":"info","message":"Request from ::1 to /images/portland-photographer-cannon-beach-7-1024x682.jpg"}
{"level":"info","message":"Request from ::1 to /images/portland-photographer-cannon-beach-14-1024x682.jpg"}
{"level":"info","message":"Request from ::1 to /ws"}
{"level":"info","message":"Request from ::1 to /ws"}
{"level":"info","message":"Request from ::1 to /ws"}
{"level":"info","message":"Request from ::1 to /ws"}
{"level":"info","message":"Request from ::1 to /ws"}
{"level":"info","message":"Request from ::1 to /"}
{"level":"info","message":"Request from ::1 to /"}
{"level":"info","message":"Request from ::1 to /home"}
{"level":"info","message":"Request from ::1 to /home"}
{"level":"info","message":"Request from ::1 to /"}
{"level":"info","message":"listening on http://localhost:8000"}
{"level":"info","message":"listening on http://localhost:8000"}
{"level":"info","message":"listening on http://localhost:8000"}
{"level":"info","message":"listening on http://localhost:8000"}
{"level":"info","message":"Request from ::1 to /api/rsvp"}
{"level":"info","message":"Request from ::1 to /api/rsvp"}
{"level":"info","message":"listening on http://localhost:8000"}
{"level":"info","message":"listening on http://localhost:8000"}
{"level":"info","message":"listening on http://localhost:8000"}
{"level":"info","message":"listening on http://localhost:8000"}
{"level":"info","message":"Request from ::1 to /api/rsvp"}
{"level":"info","message":"Request from ::1 to /api/rsvp"}
{"level":"info","message":"Request from ::1 to /api/rsvp"}
{"level":"info","message":"listening on http://localhost:8000"}
{"level":"info","message":"listening on http://localhost:8000"}
{"level":"info","message":"listening on http://localhost:8000"}
{"level":"info","message":"Request from ::1 to /api/rsvp"}
{"level":"info","message":"Request from ::1 to /api/rsvp"}
{"level":"info","message":"Request from ::1 to /api/rsvp"}
